<?xml version="1.0" encoding="UTF-8"?>
<!-- Generated by org.testng.reporters.JUnitReportReporter -->
<testsuite hostname="DESKTOP-MJ1T9AR" failures="0" tests="1" name="RegistrationTCs.RegisterWithoutLastName" time="7.468" errors="0" timestamp="2022-04-16T00:15:39 EET" skipped="0">
  <testcase classname="RegistrationTCs.RegisterWithoutLastName" name="Registration_MakeSureSurName_Mandatory" time="7.468"/>
  <system-out/>
</testsuite> <!-- RegistrationTCs.RegisterWithoutLastName -->
