<?xml version="1.0" encoding="UTF-8"?>
<!-- Generated by org.testng.reporters.JUnitReportReporter -->
<testsuite hostname="DESKTOP-MJ1T9AR" failures="0" tests="1" name="LoginTCs.LoginValidEmailValidPass" time="11.221" errors="0" timestamp="2022-04-16T00:15:39 EET" skipped="0">
  <testcase classname="LoginTCs.LoginValidEmailValidPass" name="Login_validEmail_validPass" time="11.221"/>
  <system-out/>
</testsuite> <!-- LoginTCs.LoginValidEmailValidPass -->
