<?xml version="1.0" encoding="UTF-8"?>
<!-- Generated by org.testng.reporters.JUnitReportReporter -->
<testsuite hostname="DESKTOP-IRQ6QKJ" failures="0" tests="1" name="loginTCs.ValidPhone" time="6.358" errors="0" timestamp="2022-04-13T20:38:42 EET" skipped="0">
  <testcase classname="loginTCs.ValidPhone" name="ValidTestCases1" time="6.358"/>
  <system-out/>
</testsuite> <!-- loginTCs.ValidPhone -->
