<?xml version="1.0" encoding="UTF-8"?>
<!-- Generated by org.testng.reporters.JUnitReportReporter -->
<testsuite hostname="DESKTOP-IRQ6QKJ" failures="0" tests="1" name="Facebook_automation.Registration" time="0.003" errors="0" timestamp="2022-04-12T08:00:49 EET" skipped="0">
  <testcase classname="Facebook_automation.Registration" name="reg_testcase" time="0.003"/>
  <system-out/>
</testsuite> <!-- Facebook_automation.Registration -->
