<?xml version="1.0" encoding="UTF-8"?>
<!-- Generated by org.testng.reporters.JUnitReportReporter -->
<testsuite hostname="DESKTOP-MJ1T9AR" failures="0" tests="1" name="RegistrationTCs.RegistrationConfirmationEmail" time="8.133" errors="0" timestamp="2022-04-16T00:15:39 EET" skipped="0">
  <testcase classname="RegistrationTCs.RegistrationConfirmationEmail" name="Registration_EnsureComfirmEmailMatchEmail" time="8.133"/>
  <system-out/>
</testsuite> <!-- RegistrationTCs.RegistrationConfirmationEmail -->
