<?xml version="1.0" encoding="UTF-8"?>
<!-- Generated by org.testng.reporters.JUnitReportReporter -->
<testsuite hostname="DESKTOP-MJ1T9AR" failures="0" tests="1" name="LoginTCs.LoginVaildEmailBlankPass" time="9.402" errors="0" timestamp="2022-04-16T00:15:39 EET" skipped="0">
  <testcase classname="LoginTCs.LoginVaildEmailBlankPass" name="Login_VaildEmail_blankPass" time="9.402"/>
  <system-out/>
</testsuite> <!-- LoginTCs.LoginVaildEmailBlankPass -->
