<?xml version="1.0" encoding="UTF-8"?>
<!-- Generated by org.testng.reporters.JUnitReportReporter -->
<testsuite hostname="DESKTOP-MJ1T9AR" failures="0" tests="1" name="RegistrationTCs.RegisterWithoutFirstName" time="7.590" errors="0" timestamp="2022-04-16T00:15:39 EET" skipped="0">
  <testcase classname="RegistrationTCs.RegisterWithoutFirstName" name="Registration_MakeSureFirstName_Mandatory" time="7.590"/>
  <system-out/>
</testsuite> <!-- RegistrationTCs.RegisterWithoutFirstName -->
