<?xml version="1.0" encoding="UTF-8"?>
<!-- Generated by org.testng.reporters.JUnitReportReporter -->
<testsuite hostname="DESKTOP-IRQ6QKJ" failures="0" tests="1" name="loginTCs.ValidData" time="5.621" errors="0" timestamp="2022-04-13T20:38:42 EET" skipped="0">
  <testcase classname="loginTCs.ValidData" name="ValidTestCases2" time="5.621"/>
  <system-out/>
</testsuite> <!-- loginTCs.ValidData -->
