<?xml version="1.0" encoding="UTF-8"?>
<!-- Generated by org.testng.reporters.JUnitReportReporter -->
<testsuite hostname="DESKTOP-MJ1T9AR" failures="0" tests="1" name="RegistrationTCs.RegistrationUserAgeMoreThanAYear" time="7.770" errors="0" timestamp="2022-04-16T00:15:39 EET" skipped="0">
  <testcase classname="RegistrationTCs.RegistrationUserAgeMoreThanAYear" name="Registration_UserAgeMoreThanOneYear" time="7.770"/>
  <system-out/>
</testsuite> <!-- RegistrationTCs.RegistrationUserAgeMoreThanAYear -->
