<?xml version="1.0" encoding="UTF-8"?>
<!-- Generated by org.testng.reporters.JUnitReportReporter -->
<testsuite hostname="DESKTOP-MJ1T9AR" failures="0" tests="1" name="LoginTCs.LoginBlankEmailValidPass" time="7.852" errors="0" timestamp="2022-04-16T00:15:39 EET" skipped="0">
  <testcase classname="LoginTCs.LoginBlankEmailValidPass" name="Login_blankEmail_validPass" time="7.852"/>
  <system-out/>
</testsuite> <!-- LoginTCs.LoginBlankEmailValidPass -->
