<?xml version="1.0" encoding="UTF-8"?>
<!-- Generated by org.testng.reporters.JUnitReportReporter -->
<testsuite hostname="DESKTOP-MJ1T9AR" failures="0" tests="1" name="TCs.Registration" time="9.790" errors="0" timestamp="2022-04-15T22:04:31 EET" skipped="0">
  <testcase classname="TCs.Registration" name="Registration_MakeSureFirstName_Mandatory" time="9.790"/>
  <system-out/>
</testsuite> <!-- TCs.Registration -->
