<?xml version="1.0" encoding="UTF-8"?>
<!-- Generated by org.testng.reporters.JUnitReportReporter -->
<testsuite skipped="0" hostname="DESKTOP-MJ1T9AR" name="QA.TestAPI.Products" tests="4" failures="0" timestamp="2022-04-17T03:31:31 EET" time="1.327" errors="0">
  <testcase name="Validate_invaild_reponse_code_TCs" time="1.033" classname="QA.TestAPI.Products"/>
  <system-out/>
  <testcase name="Validate_invalid_data_TCs" time="0.026" classname="QA.TestAPI.Products"/>
  <system-out/>
  <testcase name="Validate_reponse_data_TCs" time="0.256" classname="QA.TestAPI.Products"/>
  <system-out/>
  <testcase name="Validate_vaild_reponse_code_TCs" time="0.012" classname="QA.TestAPI.Products"/>
  <system-out/>
</testsuite> <!-- QA.TestAPI.Products -->
