<?xml version="1.0" encoding="UTF-8"?>
<!-- Generated by org.testng.reporters.JUnitReportReporter -->
<testsuite skipped="0" hostname="DESKTOP-MJ1T9AR" name="QA.TestAPI.SearchAboutProduct" tests="6" failures="0" timestamp="2022-04-17T05:40:55 EET" time="0.552" errors="0">
  <testcase name="search_About_Not_existing_Product_byName" time="0.037" classname="QA.TestAPI.SearchAboutProduct"/>
  <system-out/>
  <testcase name="search_About_Notexisting_Product_Validate_Data_byName" time="0.037" classname="QA.TestAPI.SearchAboutProduct"/>
  <system-out/>
  <testcase name="search_About_existing_Product_Validate_Data_byName" time="0.075" classname="QA.TestAPI.SearchAboutProduct"/>
  <system-out/>
  <testcase name="search_About_existing_Product_byName" time="0.066" classname="QA.TestAPI.SearchAboutProduct"/>
  <system-out/>
  <testcase name="CheckValidation_search_using_larg_Limits" time="0.199" classname="QA.TestAPI.SearchAboutProduct"/>
  <system-out/>
  <testcase name="Response_code_search_using_Limits" time="0.138" classname="QA.TestAPI.SearchAboutProduct"/>
  <system-out/>
</testsuite> <!-- QA.TestAPI.SearchAboutProduct -->
