<?xml version="1.0" encoding="UTF-8"?>
<!-- Generated by org.testng.reporters.JUnitReportReporter -->
<testsuite skipped="0" hostname="DESKTOP-MJ1T9AR" name="QA.TestAPI.Product" tests="4" failures="0" timestamp="2022-04-17T05:40:55 EET" time="1.378" errors="0">
  <testcase name="Validate_vaild_reponse_code_For_specifcProducts" time="0.020" classname="QA.TestAPI.Product"/>
  <system-out/>
  <testcase name="Validate_invaild_reponse_data_For_specifcProducts" time="0.032" classname="QA.TestAPI.Product"/>
  <system-out/>
  <testcase name="Validate_invaild_reponse_code_For_specifcProducts" time="1.048" classname="QA.TestAPI.Product"/>
  <system-out/>
  <testcase name="Validate_vaild_reponse_data_For_specifcProducts" time="0.278" classname="QA.TestAPI.Product"/>
  <system-out/>
</testsuite> <!-- QA.TestAPI.Product -->
