<?xml version="1.0" encoding="UTF-8"?>
<!-- Generated by org.testng.reporters.JUnitReportReporter -->
<testsuite skipped="0" hostname="DESKTOP-MJ1T9AR" name="QA.TestAPI.Product" tests="4" failures="0" timestamp="2022-04-17T04:19:20 EET" time="1.357" errors="0">
  <testcase name="Validate_vaild_reponse_code_TCs" time="0.012" classname="QA.TestAPI.Product"/>
  <system-out/>
  <testcase name="Validate_reponse_data_TCs" time="0.315" classname="QA.TestAPI.Product"/>
  <system-out/>
  <testcase name="Validate_invalid_data_TCs" time="0.028" classname="QA.TestAPI.Product"/>
  <system-out/>
  <testcase name="Validate_invaild_reponse_code_TCs" time="1.002" classname="QA.TestAPI.Product"/>
  <system-out/>
</testsuite> <!-- QA.TestAPI.Product -->
